<?xml version="1.0" encoding="UTF-8"?>
<!-- Generated by org.testng.reporters.JUnitReportReporter -->
<testsuite ignored="0" hostname="SHUBHUU" failures="0" tests="1" name="M2P_Tasks.HandleAlert" time="38.366" errors="0" timestamp="14 May 2025 13:02:39 GMT" skipped="0">
  <testcase classname="M2P_Tasks.HandleAlert" name="handleAlert" time="38.366"/>
</testsuite> <!-- M2P_Tasks.HandleAlert -->
